------------------------------------------------------------------------------------------------------------------------

[2022-10-14 00:13:27 #1 store] 
Database 'C:\Users\34600\git\IS2.bets\Bets21\src\main\resources\bets.temp' has been recovered (tr. 1-17)

[2022-10-14 00:13:27 #2 store] 
Database 'C:\Users\34600\git\IS2.bets\Bets21\src\main\resources\bets.temp' is opened by 37236@LAPTOP-ILS8TMDB

[2022-10-14 00:13:27 #3 type] 
Type domain.Noticia is not enhanced.

[2022-10-14 00:13:27 #4 type] 
Type domain.Liga is not enhanced.

[2022-10-14 00:13:27 #5 type] 
Type domain.Equipo is not enhanced.

[2022-10-14 00:13:27 #6 type] 
Type domain.Event is not enhanced.

[2022-10-14 00:13:27 #7 type] 
Type domain.Comentarios is not enhanced.

[2022-10-14 00:13:27 #8 type] 
Type domain.Question is not enhanced.

[2022-10-14 00:13:27 #9 type] 
Type domain.Usuario is not enhanced.

[2022-10-14 00:13:27 #10 type] 
Type domain.Pronostico is not enhanced.

[2022-10-14 00:13:27 #11 type] 
Type domain.Entrada is not enhanced.

[2022-10-14 00:13:27 #12 type] 
Type domain.Bet is not enhanced.

------------------------------------------------------------------------------------------------------------------------

[2022-10-14 10:44:23 #1 store] 
Database 'C:\Users\34600\git\IS2.bets\Bets21\src\main\resources\bets.temp' has been recovered (tr. 228-413)

[2022-10-14 10:44:23 #2 store] 
Database 'C:\Users\34600\git\IS2.bets\Bets21\src\main\resources\bets.temp' is opened by 21120@LAPTOP-ILS8TMDB

[2022-10-14 10:44:23 #3 type] 
Type domain.Noticia is not enhanced.

[2022-10-14 10:44:23 #4 type] 
Type domain.Liga is not enhanced.

[2022-10-14 10:44:23 #5 type] 
Type domain.Equipo is not enhanced.

[2022-10-14 10:44:23 #6 type] 
Type domain.Event is not enhanced.

[2022-10-14 10:44:23 #7 type] 
Type domain.Comentarios is not enhanced.

[2022-10-14 10:44:23 #8 type] 
Type domain.Question is not enhanced.

[2022-10-14 10:44:23 #9 type] 
Type domain.Usuario is not enhanced.

[2022-10-14 10:44:23 #10 type] 
Type domain.Pronostico is not enhanced.

[2022-10-14 10:44:23 #11 type] 
Type domain.Entrada is not enhanced.

[2022-10-14 10:44:23 #12 type] 
Type domain.Bet is not enhanced.

------------------------------------------------------------------------------------------------------------------------

[2022-10-14 10:45:37 #1 store] 
Database 'C:\Users\34600\git\IS2.bets\Bets21\src\main\resources\bets.temp' has been recovered (tr. 414-625)

[2022-10-14 10:45:37 #2 store] 
Database 'C:\Users\34600\git\IS2.bets\Bets21\src\main\resources\bets.temp' is opened by 33128@LAPTOP-ILS8TMDB

[2022-10-14 10:45:37 #3 type] 
Type domain.Noticia is not enhanced.

[2022-10-14 10:45:37 #4 type] 
Type domain.Liga is not enhanced.

[2022-10-14 10:45:37 #5 type] 
Type domain.Equipo is not enhanced.

[2022-10-14 10:45:37 #6 type] 
Type domain.Event is not enhanced.

[2022-10-14 10:45:37 #7 type] 
Type domain.Comentarios is not enhanced.

[2022-10-14 10:45:37 #8 type] 
Type domain.Question is not enhanced.

[2022-10-14 10:45:37 #9 type] 
Type domain.Usuario is not enhanced.

[2022-10-14 10:45:37 #10 type] 
Type domain.Pronostico is not enhanced.

[2022-10-14 10:45:37 #11 type] 
Type domain.Entrada is not enhanced.

[2022-10-14 10:45:37 #12 type] 
Type domain.Bet is not enhanced.

------------------------------------------------------------------------------------------------------------------------

[2022-10-14 10:49:10 #1 store] 
Database 'C:\Users\34600\git\IS2.bets\Bets21\src\main\resources\bets.temp' has been recovered (tr. 626-837)

[2022-10-14 10:49:10 #2 store] 
Database 'C:\Users\34600\git\IS2.bets\Bets21\src\main\resources\bets.temp' is opened by 37400@LAPTOP-ILS8TMDB

[2022-10-14 10:49:10 #3 type] 
Type domain.Noticia is not enhanced.

[2022-10-14 10:49:10 #4 type] 
Type domain.Liga is not enhanced.

[2022-10-14 10:49:10 #5 type] 
Type domain.Equipo is not enhanced.

[2022-10-14 10:49:10 #6 type] 
Type domain.Event is not enhanced.

[2022-10-14 10:49:10 #7 type] 
Type domain.Comentarios is not enhanced.

[2022-10-14 10:49:10 #8 type] 
Type domain.Question is not enhanced.

[2022-10-14 10:49:10 #9 type] 
Type domain.Usuario is not enhanced.

[2022-10-14 10:49:10 #10 type] 
Type domain.Pronostico is not enhanced.

[2022-10-14 10:49:10 #11 type] 
Type domain.Entrada is not enhanced.

[2022-10-14 10:49:10 #12 type] 
Type domain.Bet is not enhanced.

------------------------------------------------------------------------------------------------------------------------

[2022-10-14 10:50:00 #1 store] 
Database 'C:\Users\34600\git\IS2.bets\Bets21\src\main\resources\bets.temp' has been recovered (tr. 838-1049)

[2022-10-14 10:50:00 #2 store] 
Database 'C:\Users\34600\git\IS2.bets\Bets21\src\main\resources\bets.temp' is opened by 3920@LAPTOP-ILS8TMDB

[2022-10-14 10:50:00 #3 type] 
Type domain.Noticia is not enhanced.

[2022-10-14 10:50:00 #4 type] 
Type domain.Liga is not enhanced.

[2022-10-14 10:50:00 #5 type] 
Type domain.Equipo is not enhanced.

[2022-10-14 10:50:00 #6 type] 
Type domain.Event is not enhanced.

[2022-10-14 10:50:00 #7 type] 
Type domain.Comentarios is not enhanced.

[2022-10-14 10:50:00 #8 type] 
Type domain.Question is not enhanced.

[2022-10-14 10:50:00 #9 type] 
Type domain.Usuario is not enhanced.

[2022-10-14 10:50:00 #10 type] 
Type domain.Pronostico is not enhanced.

[2022-10-14 10:50:00 #11 type] 
Type domain.Entrada is not enhanced.

[2022-10-14 10:50:00 #12 type] 
Type domain.Bet is not enhanced.

------------------------------------------------------------------------------------------------------------------------

[2022-10-14 10:50:19 #1 store] 
Database 'C:\Users\34600\git\IS2.bets\Bets21\src\main\resources\bets.temp' has been recovered (tr. 1050-1261)

[2022-10-14 10:50:19 #2 store] 
Database 'C:\Users\34600\git\IS2.bets\Bets21\src\main\resources\bets.temp' is opened by 45556@LAPTOP-ILS8TMDB

[2022-10-14 10:50:19 #3 type] 
Type domain.Noticia is not enhanced.

[2022-10-14 10:50:19 #4 type] 
Type domain.Liga is not enhanced.

[2022-10-14 10:50:19 #5 type] 
Type domain.Equipo is not enhanced.

[2022-10-14 10:50:19 #6 type] 
Type domain.Event is not enhanced.

[2022-10-14 10:50:19 #7 type] 
Type domain.Comentarios is not enhanced.

[2022-10-14 10:50:19 #8 type] 
Type domain.Question is not enhanced.

[2022-10-14 10:50:19 #9 type] 
Type domain.Usuario is not enhanced.

[2022-10-14 10:50:19 #10 type] 
Type domain.Pronostico is not enhanced.

[2022-10-14 10:50:19 #11 type] 
Type domain.Entrada is not enhanced.

[2022-10-14 10:50:19 #12 type] 
Type domain.Bet is not enhanced.

------------------------------------------------------------------------------------------------------------------------

[2022-10-14 11:06:51 #1 store] 
Database 'C:\Users\34600\git\IS2.bets\Bets21\src\main\resources\bets.temp' has been recovered (tr. 1474-1659)

[2022-10-14 11:06:51 #2 store] 
Database 'C:\Users\34600\git\IS2.bets\Bets21\src\main\resources\bets.temp' is opened by 47036@LAPTOP-ILS8TMDB

[2022-10-14 11:06:51 #3 type] 
Type domain.Noticia is not enhanced.

[2022-10-14 11:06:51 #4 type] 
Type domain.Liga is not enhanced.

[2022-10-14 11:06:51 #5 type] 
Type domain.Equipo is not enhanced.

[2022-10-14 11:06:51 #6 type] 
Type domain.Event is not enhanced.

[2022-10-14 11:06:51 #7 type] 
Type domain.Comentarios is not enhanced.

[2022-10-14 11:06:51 #8 type] 
Type domain.Question is not enhanced.

[2022-10-14 11:06:51 #9 type] 
Type domain.Usuario is not enhanced.

[2022-10-14 11:06:51 #10 type] 
Type domain.Pronostico is not enhanced.

[2022-10-14 11:06:51 #11 type] 
Type domain.Entrada is not enhanced.

[2022-10-14 11:06:51 #12 type] 
Type domain.Bet is not enhanced.

------------------------------------------------------------------------------------------------------------------------

[2022-10-14 11:11:05 #1 store] 
Database 'C:\Users\34600\git\IS2.bets\Bets21\src\main\resources\bets.temp' has been recovered (tr. 1660-1871)

[2022-10-14 11:11:05 #2 store] 
Database 'C:\Users\34600\git\IS2.bets\Bets21\src\main\resources\bets.temp' is opened by 44680@LAPTOP-ILS8TMDB

[2022-10-14 11:11:05 #3 type] 
Type domain.Noticia is not enhanced.

[2022-10-14 11:11:05 #4 type] 
Type domain.Liga is not enhanced.

[2022-10-14 11:11:05 #5 type] 
Type domain.Equipo is not enhanced.

[2022-10-14 11:11:05 #6 type] 
Type domain.Event is not enhanced.

[2022-10-14 11:11:05 #7 type] 
Type domain.Comentarios is not enhanced.

[2022-10-14 11:11:05 #8 type] 
Type domain.Question is not enhanced.

[2022-10-14 11:11:05 #9 type] 
Type domain.Usuario is not enhanced.

[2022-10-14 11:11:05 #10 type] 
Type domain.Pronostico is not enhanced.

[2022-10-14 11:11:05 #11 type] 
Type domain.Entrada is not enhanced.

[2022-10-14 11:11:05 #12 type] 
Type domain.Bet is not enhanced.

------------------------------------------------------------------------------------------------------------------------

[2022-10-14 11:31:19 #1 store] 
Database 'C:\Users\34600\git\IS2.bets\Bets21\src\main\resources\bets.temp' has been recovered (tr. 1872-2083)

[2022-10-14 11:31:19 #2 store] 
Database 'C:\Users\34600\git\IS2.bets\Bets21\src\main\resources\bets.temp' is opened by 43328@LAPTOP-ILS8TMDB

[2022-10-14 11:31:19 #3 type] 
Type domain.Noticia is not enhanced.

[2022-10-14 11:31:19 #4 type] 
Type domain.Liga is not enhanced.

[2022-10-14 11:31:19 #5 type] 
Type domain.Equipo is not enhanced.

[2022-10-14 11:31:19 #6 type] 
Type domain.Event is not enhanced.

[2022-10-14 11:31:19 #7 type] 
Type domain.Comentarios is not enhanced.

[2022-10-14 11:31:19 #8 type] 
Type domain.Question is not enhanced.

[2022-10-14 11:31:19 #9 type] 
Type domain.Usuario is not enhanced.

[2022-10-14 11:31:19 #10 type] 
Type domain.Pronostico is not enhanced.

[2022-10-14 11:31:19 #11 type] 
Type domain.Entrada is not enhanced.

[2022-10-14 11:31:19 #12 type] 
Type domain.Bet is not enhanced.

------------------------------------------------------------------------------------------------------------------------

[2022-10-14 11:34:00 #1 store] 
Database 'C:\Users\34600\git\IS2.bets\Bets21\src\main\resources\bets.temp' has been recovered (tr. 2296-2481)

[2022-10-14 11:34:00 #2 store] 
Database 'C:\Users\34600\git\IS2.bets\Bets21\src\main\resources\bets.temp' is opened by 50280@LAPTOP-ILS8TMDB

[2022-10-14 11:34:00 #3 type] 
Type domain.Noticia is not enhanced.

[2022-10-14 11:34:00 #4 type] 
Type domain.Liga is not enhanced.

[2022-10-14 11:34:00 #5 type] 
Type domain.Equipo is not enhanced.

[2022-10-14 11:34:00 #6 type] 
Type domain.Event is not enhanced.

[2022-10-14 11:34:00 #7 type] 
Type domain.Comentarios is not enhanced.

[2022-10-14 11:34:00 #8 type] 
Type domain.Question is not enhanced.

[2022-10-14 11:34:00 #9 type] 
Type domain.Usuario is not enhanced.

[2022-10-14 11:34:00 #10 type] 
Type domain.Pronostico is not enhanced.

[2022-10-14 11:34:00 #11 type] 
Type domain.Entrada is not enhanced.

[2022-10-14 11:34:00 #12 type] 
Type domain.Bet is not enhanced.

------------------------------------------------------------------------------------------------------------------------

[2022-10-14 11:35:34 #1 store] 
Database 'C:\Users\34600\git\IS2.bets\Bets21\src\main\resources\bets.temp' has been recovered (tr. 2482-2693)

[2022-10-14 11:35:34 #2 store] 
Database 'C:\Users\34600\git\IS2.bets\Bets21\src\main\resources\bets.temp' is opened by 50124@LAPTOP-ILS8TMDB

[2022-10-14 11:35:34 #3 type] 
Type domain.Noticia is not enhanced.

[2022-10-14 11:35:34 #4 type] 
Type domain.Liga is not enhanced.

[2022-10-14 11:35:34 #5 type] 
Type domain.Equipo is not enhanced.

[2022-10-14 11:35:34 #6 type] 
Type domain.Event is not enhanced.

[2022-10-14 11:35:34 #7 type] 
Type domain.Comentarios is not enhanced.

[2022-10-14 11:35:34 #8 type] 
Type domain.Question is not enhanced.

[2022-10-14 11:35:34 #9 type] 
Type domain.Usuario is not enhanced.

[2022-10-14 11:35:34 #10 type] 
Type domain.Pronostico is not enhanced.

[2022-10-14 11:35:34 #11 type] 
Type domain.Entrada is not enhanced.

[2022-10-14 11:35:34 #12 type] 
Type domain.Bet is not enhanced.

------------------------------------------------------------------------------------------------------------------------

[2022-10-14 11:35:53 #1 store] 
Database 'C:\Users\34600\git\IS2.bets\Bets21\src\main\resources\bets.temp' has been recovered (tr. 2694-2905)

[2022-10-14 11:35:53 #2 store] 
Database 'C:\Users\34600\git\IS2.bets\Bets21\src\main\resources\bets.temp' is opened by 48040@LAPTOP-ILS8TMDB

[2022-10-14 11:35:54 #3 type] 
Type domain.Noticia is not enhanced.

[2022-10-14 11:35:54 #4 type] 
Type domain.Liga is not enhanced.

[2022-10-14 11:35:54 #5 type] 
Type domain.Equipo is not enhanced.

[2022-10-14 11:35:54 #6 type] 
Type domain.Event is not enhanced.

[2022-10-14 11:35:54 #7 type] 
Type domain.Comentarios is not enhanced.

[2022-10-14 11:35:54 #8 type] 
Type domain.Question is not enhanced.

[2022-10-14 11:35:54 #9 type] 
Type domain.Usuario is not enhanced.

[2022-10-14 11:35:54 #10 type] 
Type domain.Pronostico is not enhanced.

[2022-10-14 11:35:54 #11 type] 
Type domain.Entrada is not enhanced.

[2022-10-14 11:35:54 #12 type] 
Type domain.Bet is not enhanced.

------------------------------------------------------------------------------------------------------------------------

[2022-10-14 11:41:17 #1 store] 
Database 'C:\Users\34600\git\IS2.bets\Bets21\src\main\resources\bets.temp' has been recovered (tr. 2906-3117)

[2022-10-14 11:41:17 #2 store] 
Database 'C:\Users\34600\git\IS2.bets\Bets21\src\main\resources\bets.temp' is opened by 31452@LAPTOP-ILS8TMDB

[2022-10-14 11:41:17 #3 type] 
Type domain.Noticia is not enhanced.

[2022-10-14 11:41:17 #4 type] 
Type domain.Liga is not enhanced.

[2022-10-14 11:41:17 #5 type] 
Type domain.Equipo is not enhanced.

[2022-10-14 11:41:17 #6 type] 
Type domain.Event is not enhanced.

[2022-10-14 11:41:17 #7 type] 
Type domain.Comentarios is not enhanced.

[2022-10-14 11:41:17 #8 type] 
Type domain.Question is not enhanced.

[2022-10-14 11:41:17 #9 type] 
Type domain.Usuario is not enhanced.

[2022-10-14 11:41:17 #10 type] 
Type domain.Pronostico is not enhanced.

[2022-10-14 11:41:17 #11 type] 
Type domain.Entrada is not enhanced.

[2022-10-14 11:41:17 #12 type] 
Type domain.Bet is not enhanced.

------------------------------------------------------------------------------------------------------------------------

[2022-10-14 11:45:54 #1 store] 
Database 'C:\Users\34600\git\IS2.bets\Bets21\src\main\resources\bets.temp' has been recovered (tr. 3330-3348)

[2022-10-14 11:45:54 #2 store] 
Database 'C:\Users\34600\git\IS2.bets\Bets21\src\main\resources\bets.temp' is opened by 49236@LAPTOP-ILS8TMDB

[2022-10-14 11:45:54 #3 type] 
Type domain.Noticia is not enhanced.

[2022-10-14 11:45:54 #4 type] 
Type domain.Liga is not enhanced.

[2022-10-14 11:45:54 #5 type] 
Type domain.Equipo is not enhanced.

[2022-10-14 11:45:54 #6 type] 
Type domain.Event is not enhanced.

[2022-10-14 11:45:54 #7 type] 
Type domain.Comentarios is not enhanced.

[2022-10-14 11:45:54 #8 type] 
Type domain.Question is not enhanced.

[2022-10-14 11:45:54 #9 type] 
Type domain.Usuario is not enhanced.

[2022-10-14 11:45:54 #10 type] 
Type domain.Pronostico is not enhanced.

[2022-10-14 11:45:54 #11 type] 
Type domain.Entrada is not enhanced.

[2022-10-14 11:45:54 #12 type] 
Type domain.Bet is not enhanced.

------------------------------------------------------------------------------------------------------------------------

[2022-10-14 11:46:21 #1 store] 
Database 'C:\Users\34600\git\IS2.bets\Bets21\src\main\resources\bets.temp' has been recovered (tr. 3349-3560)

[2022-10-14 11:46:21 #2 store] 
Database 'C:\Users\34600\git\IS2.bets\Bets21\src\main\resources\bets.temp' is opened by 49312@LAPTOP-ILS8TMDB

[2022-10-14 11:46:21 #3 type] 
Type domain.Noticia is not enhanced.

[2022-10-14 11:46:21 #4 type] 
Type domain.Liga is not enhanced.

[2022-10-14 11:46:21 #5 type] 
Type domain.Equipo is not enhanced.

[2022-10-14 11:46:21 #6 type] 
Type domain.Event is not enhanced.

[2022-10-14 11:46:21 #7 type] 
Type domain.Comentarios is not enhanced.

[2022-10-14 11:46:21 #8 type] 
Type domain.Question is not enhanced.

[2022-10-14 11:46:21 #9 type] 
Type domain.Usuario is not enhanced.

[2022-10-14 11:46:21 #10 type] 
Type domain.Pronostico is not enhanced.

[2022-10-14 11:46:21 #11 type] 
Type domain.Entrada is not enhanced.

[2022-10-14 11:46:21 #12 type] 
Type domain.Bet is not enhanced.

------------------------------------------------------------------------------------------------------------------------

[2022-10-14 11:50:47 #1 store] 
Database 'C:\Users\34600\git\IS2.bets\Bets21\src\main\resources\bets.temp' is opened by 23480@LAPTOP-ILS8TMDB

[2022-10-14 11:50:47 #2 type.registry] 
New type domain.Noticia

[2022-10-14 11:50:47 #3 type] 
Type domain.Noticia is not enhanced.

[2022-10-14 11:50:47 #4 type.registry] 
New type domain.Liga

[2022-10-14 11:50:47 #5 type] 
Type domain.Liga is not enhanced.

[2022-10-14 11:50:47 #6 type.registry] 
New type domain.Equipo

[2022-10-14 11:50:47 #7 type.registry] 
New type java.util.Vector<domain.Equipo>

[2022-10-14 11:50:47 #8 type] 
Type domain.Equipo is not enhanced.

[2022-10-14 11:50:47 #9 type.registry] 
New type domain.Event

[2022-10-14 11:50:47 #10 type.registry] 
New type java.util.Vector<domain.Event>

[2022-10-14 11:50:47 #11 type] 
Type domain.Event is not enhanced.

[2022-10-14 11:50:47 #12 type.registry] 
New type domain.Comentarios

[2022-10-14 11:50:47 #13 type.registry] 
New type java.util.Vector<domain.Comentarios>

[2022-10-14 11:50:47 #14 type.registry] 
New type domain.Question

[2022-10-14 11:50:47 #15 type.registry] 
New type java.util.Vector<domain.Question>

[2022-10-14 11:50:47 #16 type] 
Type domain.Comentarios is not enhanced.

[2022-10-14 11:50:47 #17 type.registry] 
New type domain.Usuario

[2022-10-14 11:50:47 #18 type] 
Type domain.Question is not enhanced.

[2022-10-14 11:50:47 #19 type.registry] 
New type domain.Pronostico

[2022-10-14 11:50:47 #20 type.registry] 
New type java.util.Vector<domain.Pronostico>

[2022-10-14 11:50:47 #21 type] 
Type domain.Usuario is not enhanced.

[2022-10-14 11:50:47 #22 type.registry] 
New type domain.Entrada

[2022-10-14 11:50:47 #23 type.registry] 
New type java.util.Vector<domain.Entrada>

[2022-10-14 11:50:47 #24 type.registry] 
New type domain.Bet

[2022-10-14 11:50:47 #25 type.registry] 
New type java.util.Vector<domain.Bet>

[2022-10-14 11:50:47 #26 type] 
Type domain.Pronostico is not enhanced.

[2022-10-14 11:50:47 #27 type] 
Type domain.Entrada is not enhanced.

[2022-10-14 11:50:47 #28 type] 
Type domain.Bet is not enhanced.

[2022-10-14 11:50:47 #29 type.registry] 
New type java.util.Vector<java.lang.Object>

------------------------------------------------------------------------------------------------------------------------

[2022-10-14 11:51:20 #1 store] 
Database 'C:\Users\34600\git\IS2.bets\Bets21\src\main\resources\bets.temp' has been recovered (tr. 1-15)

[2022-10-14 11:51:20 #2 store] 
Database 'C:\Users\34600\git\IS2.bets\Bets21\src\main\resources\bets.temp' is opened by 47888@LAPTOP-ILS8TMDB

[2022-10-14 11:51:20 #3 type] 
Type domain.Noticia is not enhanced.

[2022-10-14 11:51:20 #4 type] 
Type domain.Liga is not enhanced.

[2022-10-14 11:51:20 #5 type] 
Type domain.Equipo is not enhanced.

[2022-10-14 11:51:20 #6 type] 
Type domain.Event is not enhanced.

[2022-10-14 11:51:20 #7 type] 
Type domain.Comentarios is not enhanced.

[2022-10-14 11:51:20 #8 type] 
Type domain.Question is not enhanced.

[2022-10-14 11:51:20 #9 type] 
Type domain.Usuario is not enhanced.

[2022-10-14 11:51:20 #10 type] 
Type domain.Pronostico is not enhanced.

[2022-10-14 11:51:20 #11 type] 
Type domain.Entrada is not enhanced.

[2022-10-14 11:51:20 #12 type] 
Type domain.Bet is not enhanced.

